<?xml version="1.0" encoding="UTF-8"?>
<coverage generated="1654095530000" clover="3.2.0">
  <project timestamp="1654095530001" name="All files">
    <metrics statements="21" coveredstatements="13" conditionals="0" coveredconditionals="0" methods="6" coveredmethods="1" elements="27" coveredelements="14" complexity="0" loc="21" ncloc="21" packages="2" files="3" classes="3"/>
    <package name="src">
      <metrics statements="4" coveredstatements="2" conditionals="0" coveredconditionals="0" methods="2" coveredmethods="0"/>
      <file name="utils.js" path="/Users/gians/Desktop/Developer/JavascriptSpace/nodejs/node-demo/src/utils.js">
        <metrics statements="4" coveredstatements="2" conditionals="0" coveredconditionals="0" methods="2" coveredmethods="0"/>
        <line num="1" count="1" type="stmt"/>
        <line num="2" count="0" type="stmt"/>
        <line num="3" count="0" type="stmt"/>
        <line num="7" count="1" type="stmt"/>
      </file>
    </package>
    <package name="test.setup">
      <metrics statements="17" coveredstatements="11" conditionals="0" coveredconditionals="0" methods="4" coveredmethods="1"/>
      <file name="elasticsearch-setup.js" path="/Users/gians/Desktop/Developer/JavascriptSpace/nodejs/node-demo/test/setup/elasticsearch-setup.js">
        <metrics statements="9" coveredstatements="5" conditionals="0" coveredconditionals="0" methods="2" coveredmethods="0"/>
        <line num="1" count="1" type="stmt"/>
        <line num="2" count="1" type="stmt"/>
        <line num="4" count="1" type="stmt"/>
        <line num="5" count="0" type="stmt"/>
        <line num="10" count="0" type="stmt"/>
        <line num="13" count="1" type="stmt"/>
        <line num="14" count="0" type="stmt"/>
        <line num="20" count="0" type="stmt"/>
        <line num="23" count="1" type="stmt"/>
      </file>
      <file name="postgres-setup.js" path="/Users/gians/Desktop/Developer/JavascriptSpace/nodejs/node-demo/test/setup/postgres-setup.js">
        <metrics statements="8" coveredstatements="6" conditionals="0" coveredconditionals="0" methods="2" coveredmethods="1"/>
        <line num="1" count="1" type="stmt"/>
        <line num="2" count="1" type="stmt"/>
        <line num="4" count="1" type="stmt"/>
        <line num="5" count="0" type="stmt"/>
        <line num="6" count="0" type="stmt"/>
        <line num="9" count="1" type="stmt"/>
        <line num="10" count="1" type="stmt"/>
        <line num="13" count="1" type="stmt"/>
      </file>
    </package>
  </project>
</coverage>
