TN:
SF:src/utils.js
FN:1,(anonymous_0)
FN:2,(anonymous_1)
FNF:2
FNH:0
FNDA:0,(anonymous_0)
FNDA:0,(anonymous_1)
DA:1,1
DA:2,0
DA:3,0
DA:7,1
LF:4
LH:2
BRF:0
BRH:0
end_of_record
TN:
SF:test/setup/elasticsearch-setup.js
FN:4,(anonymous_0)
FN:13,(anonymous_1)
FNF:2
FNH:0
FNDA:0,(anonymous_0)
FNDA:0,(anonymous_1)
DA:1,1
DA:2,1
DA:4,1
DA:5,0
DA:10,0
DA:13,1
DA:14,0
DA:20,0
DA:23,1
LF:9
LH:5
BRF:0
BRH:0
end_of_record
TN:
SF:test/setup/postgres-setup.js
FN:4,(anonymous_0)
FN:9,(anonymous_1)
FNF:2
FNH:1
FNDA:0,(anonymous_0)
FNDA:1,(anonymous_1)
DA:1,1
DA:2,1
DA:4,1
DA:5,0
DA:6,0
DA:9,1
DA:10,1
DA:13,1
LF:8
LH:6
BRF:0
BRH:0
end_of_record
